# JRE version: OpenJDK Runtime Environment (11.0.12+7) (build 11.0.12+7-b1504.28-7817840)
# Java VM: OpenJDK 64-Bit Server VM (11.0.12+7-b1504.28-7817840, mixed mode, tiered, compressed oops, g1 gc, windows-amd64)
Heap:
 garbage-first heap   total 129024K, used 58243K [0x0000000083600000, 0x0000000100000000)
  region size 1024K, 40 young (40960K), 3 survivors (3072K)
 Metaspace       used 43090K, capacity 43496K, committed 43776K, reserved 1087488K
  class space    used 5145K, capacity 5316K, committed 5376K, reserved 1048576K
GC Heap History (8 events):
Event: 0.463 GC heap before
{Heap before GC invocations=0 (full 0):
 garbage-first heap   total 129024K, used 17408K [0x0000000083600000, 0x0000000100000000)
  region size 1024K, 14 young (14336K), 0 survivors (0K)
 Metaspace       used 9875K, capacity 10002K, committed 10112K, reserved 1058816K
  class space    used 839K, capacity 885K, committed 896K, reserved 1048576K
}
Event: 0.466 GC heap after
{Heap after GC invocations=1 (full 0):
 garbage-first heap   total 129024K, used 5236K [0x0000000083600000, 0x0000000100000000)
  region size 1024K, 2 young (2048K), 2 survivors (2048K)
 Metaspace       used 9875K, capacity 10002K, committed 10112K, reserved 1058816K
  class space    used 839K, capacity 885K, committed 896K, reserved 1048576K
}
Event: 1.502 GC heap before
{Heap before GC invocations=1 (full 0):
 garbage-first heap   total 129024K, used 51316K [0x0000000083600000, 0x0000000100000000)
  region size 1024K, 48 young (49152K), 2 survivors (2048K)
 Metaspace       used 20992K, capacity 21196K, committed 21248K, reserved 1069056K
  class space    used 2221K, capacity 2304K, committed 2304K, reserved 1048576K
}
Event: 1.512 GC heap after
{Heap after GC invocations=2 (full 0):
 garbage-first heap   total 129024K, used 9774K [0x0000000083600000, 0x0000000100000000)
  region size 1024K, 7 young (7168K), 7 survivors (7168K)
 Metaspace       used 20992K, capacity 21196K, committed 21248K, reserved 1069056K
  class space    used 2221K, capacity 2304K, committed 2304K, reserved 1048576K
}
Event: 2.758 GC heap before
{Heap before GC invocations=3 (full 0):
 garbage-first heap   total 129024K, used 63022K [0x0000000083600000, 0x0000000100000000)
  region size 1024K, 54 young (55296K), 7 survivors (7168K)
 Metaspace       used 31881K, capacity 32327K, committed 32384K, reserved 1077248K
  class space    used 3993K, capacity 4178K, committed 4224K, reserved 1048576K
}
Event: 2.774 GC heap after
{Heap after GC invocations=4 (full 0):
 garbage-first heap   total 129024K, used 21635K [0x0000000083600000, 0x0000000100000000)
  region size 1024K, 7 young (7168K), 7 survivors (7168K)
 Metaspace       used 31881K, capacity 32327K, committed 32384K, reserved 1077248K
  class space    used 3993K, capacity 4178K, committed 4224K, reserved 1048576K
}
Event: 3.206 GC heap before
{Heap before GC invocations=4 (full 0):
 garbage-first heap   total 129024K, used 38019K [0x0000000083600000, 0x0000000100000000)
  region size 1024K, 24 young (24576K), 7 survivors (7168K)
 Metaspace       used 35392K, capacity 35799K, committed 35840K, reserved 1081344K
  class space    used 4384K, capacity 4568K, committed 4608K, reserved 1048576K
}
Event: 3.213 GC heap after
{Heap after GC invocations=5 (full 0):
 garbage-first heap   total 129024K, used 21379K [0x0000000083600000, 0x0000000100000000)
  region size 1024K, 3 young (3072K), 3 survivors (3072K)
 Metaspace       used 35392K, capacity 35799K, committed 35840K, reserved 1081344K
  class space    used 4384K, capacity 4568K, committed 4608K, reserved 1048576K
}

